This is pdfTeX, Version 3.14159265-2.6-1.40.18 (TeX Live 2017/Debian) (preloaded format=pdflatex 2020.6.2)  14 JUN 2020 07:19
entering extended mode
 restricted \write18 enabled.
 %&-line parsing enabled.
**grim.tex
(./grim.tex
LaTeX2e <2017-04-15>
Babel <3.18> and hyphenation patterns for 84 language(s) loaded.
(/usr/share/texlive/texmf-dist/tex/latex/base/article.cls
Document Class: article 2014/09/29 v1.4h Standard LaTeX document class
(/usr/share/texlive/texmf-dist/tex/latex/base/size12.clo
File: size12.clo 2014/09/29 v1.4h Standard LaTeX file (size option)
)
\c@part=\count79
\c@section=\count80
\c@subsection=\count81
\c@subsubsection=\count82
\c@paragraph=\count83
\c@subparagraph=\count84
\c@figure=\count85
\c@table=\count86
\abovecaptionskip=\skip41
\belowcaptionskip=\skip42
\bibindent=\dimen102
)
(/usr/share/texlive/texmf-dist/tex/latex/base/fontenc.sty
Package: fontenc 2017/04/05 v2.0i Standard LaTeX package

(/usr/share/texlive/texmf-dist/tex/latex/base/t1enc.def
File: t1enc.def 2017/04/05 v2.0i Standard LaTeX file
LaTeX Font Info:    Redeclaring font encoding T1 on input line 48.
))
(/usr/share/texlive/texmf-dist/tex/latex/base/inputenc.sty
Package: inputenc 2015/03/17 v1.2c Input encoding file
\inpenc@prehook=\toks14
\inpenc@posthook=\toks15

(/usr/share/texlive/texmf-dist/tex/latex/base/latin1.def
File: latin1.def 2015/03/17 v1.2c Input encoding file
)) (./GMIR.sty
Style file for 'Graphical Models in R' book
) (/usr/share/R/share/texmf/tex/latex/Sweave.sty
Package: Sweave 

(/usr/share/texlive/texmf-dist/tex/latex/base/ifthen.sty
Package: ifthen 2014/09/29 v1.1c Standard LaTeX ifthen package (DPC)
)
(/usr/share/texlive/texmf-dist/tex/latex/graphics/graphicx.sty
Package: graphicx 2017/06/01 v1.1a Enhanced LaTeX Graphics (DPC,SPQR)

(/usr/share/texlive/texmf-dist/tex/latex/graphics/keyval.sty
Package: keyval 2014/10/28 v1.15 key=value parser (DPC)
\KV@toks@=\toks16
)
(/usr/share/texlive/texmf-dist/tex/latex/graphics/graphics.sty
Package: graphics 2017/06/25 v1.2c Standard LaTeX Graphics (DPC,SPQR)

(/usr/share/texlive/texmf-dist/tex/latex/graphics/trig.sty
Package: trig 2016/01/03 v1.10 sin cos tan (DPC)
)
(/usr/share/texlive/texmf-dist/tex/latex/graphics-cfg/graphics.cfg
File: graphics.cfg 2016/06/04 v1.11 sample graphics configuration
)
Package graphics Info: Driver file: pdftex.def on input line 99.

(/usr/share/texlive/texmf-dist/tex/latex/graphics-def/pdftex.def
File: pdftex.def 2018/01/08 v1.0l Graphics/color driver for pdftex
))
\Gin@req@height=\dimen103
\Gin@req@width=\dimen104
)
(/usr/share/texlive/texmf-dist/tex/latex/fancyvrb/fancyvrb.sty
Package: fancyvrb 2008/02/07

Style option: `fancyvrb' v2.7a, with DG/SPQR fixes, and firstline=lastline fix 
<2008/02/07> (tvz)
\FV@CodeLineNo=\count87
\FV@InFile=\read1
\FV@TabBox=\box26
\c@FancyVerbLine=\count88
\FV@StepNumber=\count89
\FV@OutFile=\write3
) (/usr/share/texlive/texmf-dist/tex/latex/base/textcomp.sty
Package: textcomp 2017/04/05 v2.0i Standard LaTeX package
Package textcomp Info: Sub-encoding information:
(textcomp)               5 = only ISO-Adobe without \textcurrency
(textcomp)               4 = 5 + \texteuro
(textcomp)               3 = 4 + \textohm
(textcomp)               2 = 3 + \textestimated + \textcurrency
(textcomp)               1 = TS1 - \textcircled - \t
(textcomp)               0 = TS1 (full)
(textcomp)             Font families with sub-encoding setting implement
(textcomp)             only a restricted character set as indicated.
(textcomp)             Family '?' is the default used for unknown fonts.
(textcomp)             See the documentation for details.
Package textcomp Info: Setting ? sub-encoding to TS1/1 on input line 79.

(/usr/share/texlive/texmf-dist/tex/latex/base/ts1enc.def
File: ts1enc.def 2001/06/05 v3.0e (jk/car/fm) Standard LaTeX file
)
LaTeX Info: Redefining \oldstylenums on input line 334.
Package textcomp Info: Setting cmr sub-encoding to TS1/0 on input line 349.
Package textcomp Info: Setting cmss sub-encoding to TS1/0 on input line 350.
Package textcomp Info: Setting cmtt sub-encoding to TS1/0 on input line 351.
Package textcomp Info: Setting cmvtt sub-encoding to TS1/0 on input line 352.
Package textcomp Info: Setting cmbr sub-encoding to TS1/0 on input line 353.
Package textcomp Info: Setting cmtl sub-encoding to TS1/0 on input line 354.
Package textcomp Info: Setting ccr sub-encoding to TS1/0 on input line 355.
Package textcomp Info: Setting ptm sub-encoding to TS1/4 on input line 356.
Package textcomp Info: Setting pcr sub-encoding to TS1/4 on input line 357.
Package textcomp Info: Setting phv sub-encoding to TS1/4 on input line 358.
Package textcomp Info: Setting ppl sub-encoding to TS1/3 on input line 359.
Package textcomp Info: Setting pag sub-encoding to TS1/4 on input line 360.
Package textcomp Info: Setting pbk sub-encoding to TS1/4 on input line 361.
Package textcomp Info: Setting pnc sub-encoding to TS1/4 on input line 362.
Package textcomp Info: Setting pzc sub-encoding to TS1/4 on input line 363.
Package textcomp Info: Setting bch sub-encoding to TS1/4 on input line 364.
Package textcomp Info: Setting put sub-encoding to TS1/5 on input line 365.
Package textcomp Info: Setting uag sub-encoding to TS1/5 on input line 366.
Package textcomp Info: Setting ugq sub-encoding to TS1/5 on input line 367.
Package textcomp Info: Setting ul8 sub-encoding to TS1/4 on input line 368.
Package textcomp Info: Setting ul9 sub-encoding to TS1/4 on input line 369.
Package textcomp Info: Setting augie sub-encoding to TS1/5 on input line 370.
Package textcomp Info: Setting dayrom sub-encoding to TS1/3 on input line 371.
Package textcomp Info: Setting dayroms sub-encoding to TS1/3 on input line 372.

Package textcomp Info: Setting pxr sub-encoding to TS1/0 on input line 373.
Package textcomp Info: Setting pxss sub-encoding to TS1/0 on input line 374.
Package textcomp Info: Setting pxtt sub-encoding to TS1/0 on input line 375.
Package textcomp Info: Setting txr sub-encoding to TS1/0 on input line 376.
Package textcomp Info: Setting txss sub-encoding to TS1/0 on input line 377.
Package textcomp Info: Setting txtt sub-encoding to TS1/0 on input line 378.
Package textcomp Info: Setting lmr sub-encoding to TS1/0 on input line 379.
Package textcomp Info: Setting lmdh sub-encoding to TS1/0 on input line 380.
Package textcomp Info: Setting lmss sub-encoding to TS1/0 on input line 381.
Package textcomp Info: Setting lmssq sub-encoding to TS1/0 on input line 382.
Package textcomp Info: Setting lmvtt sub-encoding to TS1/0 on input line 383.
Package textcomp Info: Setting lmtt sub-encoding to TS1/0 on input line 384.
Package textcomp Info: Setting qhv sub-encoding to TS1/0 on input line 385.
Package textcomp Info: Setting qag sub-encoding to TS1/0 on input line 386.
Package textcomp Info: Setting qbk sub-encoding to TS1/0 on input line 387.
Package textcomp Info: Setting qcr sub-encoding to TS1/0 on input line 388.
Package textcomp Info: Setting qcs sub-encoding to TS1/0 on input line 389.
Package textcomp Info: Setting qpl sub-encoding to TS1/0 on input line 390.
Package textcomp Info: Setting qtm sub-encoding to TS1/0 on input line 391.
Package textcomp Info: Setting qzc sub-encoding to TS1/0 on input line 392.
Package textcomp Info: Setting qhvc sub-encoding to TS1/0 on input line 393.
Package textcomp Info: Setting futs sub-encoding to TS1/4 on input line 394.
Package textcomp Info: Setting futx sub-encoding to TS1/4 on input line 395.
Package textcomp Info: Setting futj sub-encoding to TS1/4 on input line 396.
Package textcomp Info: Setting hlh sub-encoding to TS1/3 on input line 397.
Package textcomp Info: Setting hls sub-encoding to TS1/3 on input line 398.
Package textcomp Info: Setting hlst sub-encoding to TS1/3 on input line 399.
Package textcomp Info: Setting hlct sub-encoding to TS1/5 on input line 400.
Package textcomp Info: Setting hlx sub-encoding to TS1/5 on input line 401.
Package textcomp Info: Setting hlce sub-encoding to TS1/5 on input line 402.
Package textcomp Info: Setting hlcn sub-encoding to TS1/5 on input line 403.
Package textcomp Info: Setting hlcw sub-encoding to TS1/5 on input line 404.
Package textcomp Info: Setting hlcf sub-encoding to TS1/5 on input line 405.
Package textcomp Info: Setting pplx sub-encoding to TS1/3 on input line 406.
Package textcomp Info: Setting pplj sub-encoding to TS1/3 on input line 407.
Package textcomp Info: Setting ptmx sub-encoding to TS1/4 on input line 408.
Package textcomp Info: Setting ptmj sub-encoding to TS1/4 on input line 409.
)
(/usr/share/texlive/texmf-dist/tex/latex/base/fontenc.sty
Package: fontenc 2017/04/05 v2.0i Standard LaTeX package

(/usr/share/texlive/texmf-dist/tex/latex/base/t1enc.def
File: t1enc.def 2017/04/05 v2.0i Standard LaTeX file
LaTeX Font Info:    Redeclaring font encoding T1 on input line 48.
))
(/usr/share/texlive/texmf-dist/tex/latex/ae/ae.sty
Package: ae 2001/02/12 1.3 Almost European Computer Modern

(/usr/share/texlive/texmf-dist/tex/latex/base/fontenc.sty
Package: fontenc 2017/04/05 v2.0i Standard LaTeX package

(/usr/share/texlive/texmf-dist/tex/latex/base/t1enc.def
File: t1enc.def 2017/04/05 v2.0i Standard LaTeX file
LaTeX Font Info:    Redeclaring font encoding T1 on input line 48.
)
LaTeX Font Info:    Try loading font information for T1+aer on input line 105.

(/usr/share/texlive/texmf-dist/tex/latex/ae/t1aer.fd
File: t1aer.fd 1997/11/16 Font definitions for T1/aer.
))))
(/usr/share/texlive/texmf-dist/tex/latex/amsmath/amsmath.sty
Package: amsmath 2017/09/02 v2.17a AMS math features
\@mathmargin=\skip43

For additional information on amsmath, use the `?' option.
(/usr/share/texlive/texmf-dist/tex/latex/amsmath/amstext.sty
Package: amstext 2000/06/29 v2.01 AMS text

(/usr/share/texlive/texmf-dist/tex/latex/amsmath/amsgen.sty
File: amsgen.sty 1999/11/30 v2.0 generic functions
\@emptytoks=\toks17
\ex@=\dimen105
))
(/usr/share/texlive/texmf-dist/tex/latex/amsmath/amsbsy.sty
Package: amsbsy 1999/11/29 v1.2d Bold Symbols
\pmbraise@=\dimen106
)
(/usr/share/texlive/texmf-dist/tex/latex/amsmath/amsopn.sty
Package: amsopn 2016/03/08 v2.02 operator names
)
\inf@bad=\count90
LaTeX Info: Redefining \frac on input line 213.
\uproot@=\count91
\leftroot@=\count92
LaTeX Info: Redefining \overline on input line 375.
\classnum@=\count93
\DOTSCASE@=\count94
LaTeX Info: Redefining \ldots on input line 472.
LaTeX Info: Redefining \dots on input line 475.
LaTeX Info: Redefining \cdots on input line 596.
\Mathstrutbox@=\box27
\strutbox@=\box28
\big@size=\dimen107
LaTeX Font Info:    Redeclaring font encoding OML on input line 712.
LaTeX Font Info:    Redeclaring font encoding OMS on input line 713.
\macc@depth=\count95
\c@MaxMatrixCols=\count96
\dotsspace@=\muskip10
\c@parentequation=\count97
\dspbrk@lvl=\count98
\tag@help=\toks18
\row@=\count99
\column@=\count100
\maxfields@=\count101
\andhelp@=\toks19
\eqnshift@=\dimen108
\alignsep@=\dimen109
\tagshift@=\dimen110
\tagwidth@=\dimen111
\totwidth@=\dimen112
\lineht@=\dimen113
\@envbody=\toks20
\multlinegap=\skip44
\multlinetaggap=\skip45
\mathdisplay@stack=\toks21
LaTeX Info: Redefining \[ on input line 2817.
LaTeX Info: Redefining \] on input line 2818.
)
(/usr/share/texlive/texmf-dist/tex/latex/amsfonts/amsfonts.sty
Package: amsfonts 2013/01/14 v3.01 Basic AMSFonts support
\symAMSa=\mathgroup4
\symAMSb=\mathgroup5
LaTeX Font Info:    Overwriting math alphabet `\mathfrak' in version `bold'
(Font)                  U/euf/m/n --> U/euf/b/n on input line 106.
)
(/usr/share/texlive/texmf-dist/tex/latex/tools/bm.sty
Package: bm 2017/01/16 v1.2c Bold Symbol Support (DPC/FMi)
\symboldoperators=\mathgroup6
\symboldletters=\mathgroup7
\symboldsymbols=\mathgroup8
LaTeX Font Info:    Redeclaring math alphabet \mathbf on input line 141.
LaTeX Info: Redefining \bm on input line 207.
)
(/usr/share/texlive/texmf-dist/tex/latex/graphics/color.sty
Package: color 2016/07/10 v1.1e Standard LaTeX Color (DPC)

(/usr/share/texlive/texmf-dist/tex/latex/graphics-cfg/color.cfg
File: color.cfg 2016/01/02 v1.6 sample color configuration
)
Package color Info: Driver file: pdftex.def on input line 147.
)
(/usr/share/texlive/texmf-dist/tex/latex/a4wide/a4wide.sty
Package: a4wide 1994/08/30

(/usr/share/texlive/texmf-dist/tex/latex/ntgclass/a4.sty
Package: a4 2004/04/15 v1.2g A4 based page layout
))
(/usr/share/texlive/texmf-dist/tex/latex/boxedminipage/boxedminipage.sty)
(/usr/share/texlive/texmf-dist/tex/latex/base/shortvrb.sty
Package: shortvrb 2016/02/15 v2.1g Standard LaTeX documentation package (FMi)
)
Package shortvrb Info: Made  a short reference for \verb on input line 21.
 (./grim.aux

LaTeX Warning: Label `sec:xxx' multiply defined.


LaTeX Warning: Label `sec:xxx' multiply defined.


LaTeX Warning: Label `sec:xxx' multiply defined.


LaTeX Warning: Label `sec:xxx' multiply defined.


LaTeX Warning: Label `sec:xxx' multiply defined.


LaTeX Warning: Label `sec:xxx' multiply defined.


LaTeX Warning: Label `sec:xxx' multiply defined.


LaTeX Warning: Label `sec:xxx' multiply defined.


LaTeX Warning: Label `sec:xxx' multiply defined.

)
\openout1 = `grim.aux'.

LaTeX Font Info:    Checking defaults for OML/cmm/m/it on input line 31.
LaTeX Font Info:    ... okay on input line 31.
LaTeX Font Info:    Checking defaults for T1/cmr/m/n on input line 31.
LaTeX Font Info:    ... okay on input line 31.
LaTeX Font Info:    Checking defaults for OT1/cmr/m/n on input line 31.
LaTeX Font Info:    ... okay on input line 31.
LaTeX Font Info:    Checking defaults for OMS/cmsy/m/n on input line 31.
LaTeX Font Info:    ... okay on input line 31.
LaTeX Font Info:    Checking defaults for OMX/cmex/m/n on input line 31.
LaTeX Font Info:    ... okay on input line 31.
LaTeX Font Info:    Checking defaults for U/cmr/m/n on input line 31.
LaTeX Font Info:    ... okay on input line 31.
LaTeX Font Info:    Checking defaults for TS1/cmr/m/n on input line 31.
LaTeX Font Info:    Try loading font information for TS1+cmr on input line 31.
 (/usr/share/texlive/texmf-dist/tex/latex/base/ts1cmr.fd
File: ts1cmr.fd 2014/09/29 v2.5h Standard LaTeX font definitions
)
LaTeX Font Info:    ... okay on input line 31.

(/usr/share/texlive/texmf-dist/tex/context/base/mkii/supp-pdf.mkii
[Loading MPS to PDF converter (version 2006.09.02).]
\scratchcounter=\count102
\scratchdimen=\dimen114
\scratchbox=\box29
\nofMPsegments=\count103
\nofMParguments=\count104
\everyMPshowfont=\toks22
\MPscratchCnt=\count105
\MPscratchDim=\dimen115
\MPnumerator=\count106
\makeMPintoPDFobject=\count107
\everyMPtoPDFconversion=\toks23
) (/usr/share/texlive/texmf-dist/tex/latex/oberdiek/epstopdf-base.sty
Package: epstopdf-base 2016/05/15 v2.6 Base part for package epstopdf

(/usr/share/texlive/texmf-dist/tex/generic/oberdiek/infwarerr.sty
Package: infwarerr 2016/05/16 v1.4 Providing info/warning/error messages (HO)
)
(/usr/share/texlive/texmf-dist/tex/latex/oberdiek/grfext.sty
Package: grfext 2016/05/16 v1.2 Manage graphics extensions (HO)

(/usr/share/texlive/texmf-dist/tex/generic/oberdiek/kvdefinekeys.sty
Package: kvdefinekeys 2016/05/16 v1.4 Define keys (HO)

(/usr/share/texlive/texmf-dist/tex/generic/oberdiek/ltxcmds.sty
Package: ltxcmds 2016/05/16 v1.23 LaTeX kernel commands for general use (HO)
)))
(/usr/share/texlive/texmf-dist/tex/latex/oberdiek/kvoptions.sty
Package: kvoptions 2016/05/16 v3.12 Key value format for package options (HO)

(/usr/share/texlive/texmf-dist/tex/generic/oberdiek/kvsetkeys.sty
Package: kvsetkeys 2016/05/16 v1.17 Key value parser (HO)

(/usr/share/texlive/texmf-dist/tex/generic/oberdiek/etexcmds.sty
Package: etexcmds 2016/05/16 v1.6 Avoid name clashes with e-TeX commands (HO)

(/usr/share/texlive/texmf-dist/tex/generic/oberdiek/ifluatex.sty
Package: ifluatex 2016/05/16 v1.4 Provides the ifluatex switch (HO)
Package ifluatex Info: LuaTeX not detected.
)
Package etexcmds Info: Could not find \expanded.
(etexcmds)             That can mean that you are not using pdfTeX 1.50 or
(etexcmds)             that some package has redefined \expanded.
(etexcmds)             In the latter case, load this package earlier.
)))
(/usr/share/texlive/texmf-dist/tex/generic/oberdiek/pdftexcmds.sty
Package: pdftexcmds 2018/01/21 v0.26 Utility functions of pdfTeX for LuaTeX (HO
)

(/usr/share/texlive/texmf-dist/tex/generic/oberdiek/ifpdf.sty
Package: ifpdf 2017/03/15 v3.2 Provides the ifpdf switch
)
Package pdftexcmds Info: LuaTeX not detected.
Package pdftexcmds Info: \pdf@primitive is available.
Package pdftexcmds Info: \pdf@ifprimitive is available.
Package pdftexcmds Info: \pdfdraftmode found.
)
Package epstopdf-base Info: Redefining graphics rule for `.eps' on input line 4
38.
Package grfext Info: Graphics extension search list:
(grfext)             [.pdf,.png,.jpg,.mps,.jpeg,.jbig2,.jb2,.PDF,.PNG,.JPG,.JPE
G,.JBIG2,.JB2,.eps]
(grfext)             \AppendGraphicsExtensions on input line 456.

(/usr/share/texlive/texmf-dist/tex/latex/latexconfig/epstopdf-sys.cfg
File: epstopdf-sys.cfg 2010/07/13 v1.3 Configuration of (r)epstopdf for TeX Liv
e
))
(./grim-concordance.tex)
LaTeX Font Info:    Try loading font information for T1+aett on input line 50.
 (/usr/share/texlive/texmf-dist/tex/latex/ae/t1aett.fd
File: t1aett.fd 1997/11/16 Font definitions for T1/aett.
)
LaTeX Font Info:    Try loading font information for U+msa on input line 50.
(/usr/share/texlive/texmf-dist/tex/latex/amsfonts/umsa.fd
File: umsa.fd 2013/01/14 v3.01 AMS symbols A
)
LaTeX Font Info:    Try loading font information for U+msb on input line 50.

(/usr/share/texlive/texmf-dist/tex/latex/amsfonts/umsb.fd
File: umsb.fd 2013/01/14 v3.01 AMS symbols B
) (./grim.toc

LaTeX Font Warning: Font shape `T1/aett/bx/n' undefined
(Font)              using `T1/aett/m/n' instead on input line 8.

)
\tf@toc=\write4
\openout4 = `grim.toc'.

 [1

{/var/lib/texmf/fonts/map/pdftex/updmap/pdftex.map}]
LaTeX Font Info:    Try loading font information for TS1+aer on input line 95.

(/usr/share/R/share/texmf/tex/latex/ts1aer.fd
File: ts1aer.fd 
)
LaTeX Font Info:    Font shape `TS1/aer/m/n' in size <12> not available
(Font)              Font shape `TS1/cmr/m/n' tried instead on input line 95.

Overfull \hbox (6.0pt too wide) in paragraph at lines 128--129
[][][][][][][]
 []


Underfull \hbox (badness 10000) in paragraph at lines 128--129

 []

LaTeX Font Info:    Try loading font information for TS1+aett on input line 150
.
(/usr/share/R/share/texmf/tex/latex/ts1aett.fd
File: ts1aett.fd 
)
LaTeX Font Info:    Try loading font information for TS1+cmtt on input line 150
.

(/usr/share/texlive/texmf-dist/tex/latex/base/ts1cmtt.fd
File: ts1cmtt.fd 2014/09/29 v2.5h Standard LaTeX font definitions
)
LaTeX Font Info:    Font shape `TS1/aett/m/n' in size <10.95> not available
(Font)              Font shape `TS1/cmtt/m/n' tried instead on input line 150.

Overfull \hbox (6.0pt too wide) in paragraph at lines 159--160
[][][][][][][]
 []


Underfull \hbox (badness 10000) in paragraph at lines 159--160

 []

[2]
Overfull \hbox (6.0pt too wide) in paragraph at lines 182--183
[][][][][][][]
 []


Underfull \hbox (badness 10000) in paragraph at lines 182--183

 []


Overfull \hbox (6.0pt too wide) in paragraph at lines 215--216
[][][][][][][]
 []


Underfull \hbox (badness 10000) in paragraph at lines 215--216

 []

[3]
Overfull \hbox (6.0pt too wide) in paragraph at lines 231--232
[][][][][][][]
 []


Underfull \hbox (badness 10000) in paragraph at lines 231--232

 []


Overfull \hbox (19.74533pt too wide) in paragraph at lines 248--250
[]\T1/aer/m/n/12 If we want, say, at most two--factor in-ter-ac-tions in the mo
del we can use the [][]\T1/aett/m/n/12 interactions
 []


Overfull \hbox (6.0pt too wide) in paragraph at lines 270--271
[][][][][][][]
 []


Underfull \hbox (badness 10000) in paragraph at lines 270--271

 []


Overfull \vbox (0.89572pt too high) has occurred while \output is active []


[4]
Overfull \hbox (6.0pt too wide) in paragraph at lines 281--282
[][][][][][][]
 []


Underfull \hbox (badness 10000) in paragraph at lines 281--282

 []

<figures/GRIM-011.pdf, id=28, 433.62pt x 433.62pt>
File: figures/GRIM-011.pdf Graphic file (type pdf)
<use figures/GRIM-011.pdf>
Package pdftex.def Info: figures/GRIM-011.pdf  used on input line 298.
(pdftex.def)             Requested size: 230.36006pt x 144.53743pt.

Overfull \hbox (6.0pt too wide) in paragraph at lines 297--299
[][][][][][][]
 []


Overfull \hbox (6.0pt too wide) in paragraph at lines 323--324
[][][][][][][]
 []


Underfull \hbox (badness 10000) in paragraph at lines 323--324

 []

[5 <./figures/GRIM-011.pdf>]
<figures/GRIM-013.pdf, id=37, 433.62pt x 433.62pt>
File: figures/GRIM-013.pdf Graphic file (type pdf)
<use figures/GRIM-013.pdf>
Package pdftex.def Info: figures/GRIM-013.pdf  used on input line 332.
(pdftex.def)             Requested size: 230.36006pt x 144.53743pt.

Overfull \hbox (6.0pt too wide) in paragraph at lines 331--333
[][][][][][][]
 []


Overfull \hbox (6.0pt too wide) in paragraph at lines 349--350
[][][][][][][]
 []


Underfull \hbox (badness 10000) in paragraph at lines 349--350

 []

<figures/GRIM-015.pdf, id=38, 433.62pt x 433.62pt>
File: figures/GRIM-015.pdf Graphic file (type pdf)
<use figures/GRIM-015.pdf>
Package pdftex.def Info: figures/GRIM-015.pdf  used on input line 358.
(pdftex.def)             Requested size: 230.36006pt x 144.53743pt.

Overfull \hbox (6.0pt too wide) in paragraph at lines 357--359
[][][][][][][]
 []

[6 <./figures/GRIM-013.pdf> <./figures/GRIM-015.pdf>]
Overfull \hbox (35.3747pt too wide) in paragraph at lines 381--382
[][][][][][][]
 []


Underfull \hbox (badness 10000) in paragraph at lines 381--382

 []


Overfull \hbox (35.3747pt too wide) in paragraph at lines 393--394
[][][][][][][]
 []


Underfull \hbox (badness 10000) in paragraph at lines 393--394

 []


Overfull \hbox (35.3747pt too wide) in paragraph at lines 405--406
[][][][][][][]
 []


Underfull \hbox (badness 10000) in paragraph at lines 405--406

 []


Overfull \hbox (35.3747pt too wide) in paragraph at lines 417--418
[][][][][][][]
 []


Underfull \hbox (badness 10000) in paragraph at lines 417--418

 []


Overfull \hbox (35.3747pt too wide) in paragraph at lines 430--431
[][][][][][][]
 []


Underfull \hbox (badness 10000) in paragraph at lines 430--431

 []


Overfull \hbox (35.3747pt too wide) in paragraph at lines 442--443
[][][][][][][]
 []


Underfull \hbox (badness 10000) in paragraph at lines 442--443

 []

[7]
Overfull \hbox (35.3747pt too wide) in paragraph at lines 454--455
[][][][][][][] 
 []


Overfull \hbox (6.0pt too wide) in paragraph at lines 487--488
[][][][][][][]
 []


Underfull \hbox (badness 10000) in paragraph at lines 487--488

 []

[8]
Overfull \hbox (6.0pt too wide) in paragraph at lines 529--530
[][][][][][][]
 []


Underfull \hbox (badness 10000) in paragraph at lines 529--530

 []

LaTeX Font Info:    Font shape `TS1/aett/m/sl' in size <10.95> not available
(Font)              Font shape `TS1/cmtt/m/sl' tried instead on input line 561.


Overfull \hbox (6.0pt too wide) in paragraph at lines 573--574
[][][][][][][]
 []


Underfull \hbox (badness 10000) in paragraph at lines 573--574

 []

[9]
Overfull \hbox (6.0pt too wide) in paragraph at lines 593--594
[][][][][][][]
 []


Underfull \hbox (badness 10000) in paragraph at lines 593--594

 []

<figures/GRIM-fundamentalfig1.pdf, id=69, 433.62pt x 433.62pt>
File: figures/GRIM-fundamentalfig1.pdf Graphic file (type pdf)
<use figures/GRIM-fundamentalfig1.pdf>
Package pdftex.def Info: figures/GRIM-fundamentalfig1.pdf  used on input line 5
98.
(pdftex.def)             Requested size: 230.36006pt x 144.53743pt.

Overfull \hbox (6.0pt too wide) in paragraph at lines 629--630
[][][][][][][]
 []


Underfull \hbox (badness 10000) in paragraph at lines 629--630

 []

[10 <./figures/GRIM-fundamentalfig1.pdf>]
Overfull \hbox (6.0pt too wide) in paragraph at lines 655--656
[][][][][][][]
 []


Underfull \hbox (badness 10000) in paragraph at lines 655--656

 []


Overfull \hbox (6.0pt too wide) in paragraph at lines 691--692
[][][][][][][]
 []


Underfull \hbox (badness 10000) in paragraph at lines 691--692

 []


Overfull \hbox (6.0pt too wide) in paragraph at lines 711--712
[][][][][][][]
 []


Underfull \hbox (badness 10000) in paragraph at lines 711--712

 []

[11]
Overfull \hbox (6.0pt too wide) in paragraph at lines 734--735
[][][][][][][]
 []


Underfull \hbox (badness 10000) in paragraph at lines 734--735

 []


Overfull \hbox (6.0pt too wide) in paragraph at lines 759--760
[][][][][][][]
 []


Underfull \hbox (badness 10000) in paragraph at lines 759--760

 []

[12]
<figures/GRIM-034.pdf, id=84, 433.62pt x 433.62pt>
File: figures/GRIM-034.pdf Graphic file (type pdf)
<use figures/GRIM-034.pdf>
Package pdftex.def Info: figures/GRIM-034.pdf  used on input line 797.
(pdftex.def)             Requested size: 230.36006pt x 144.53743pt.

Overfull \hbox (6.0pt too wide) in paragraph at lines 796--798
[][][][][][][]
 []

<figures/GRIM-035.pdf, id=85, 433.62pt x 433.62pt>
File: figures/GRIM-035.pdf Graphic file (type pdf)
<use figures/GRIM-035.pdf>
Package pdftex.def Info: figures/GRIM-035.pdf  used on input line 825.
(pdftex.def)             Requested size: 230.36006pt x 144.53743pt.

Overfull \hbox (6.0pt too wide) in paragraph at lines 824--826
[][][][][][][]
 []

[13 <./figures/GRIM-034.pdf>]
Overfull \hbox (6.0pt too wide) in paragraph at lines 911--912
[][][][][][][]
 []


Underfull \hbox (badness 10000) in paragraph at lines 911--912

 []

[14 <./figures/GRIM-035.pdf>]
Overfull \hbox (6.0pt too wide) in paragraph at lines 930--931
[][][][][][][]
 []


Underfull \hbox (badness 10000) in paragraph at lines 930--931

 []


Overfull \hbox (6.0pt too wide) in paragraph at lines 1141--1142
[][][][][][][]
 []


Underfull \hbox (badness 10000) in paragraph at lines 1141--1142

 []


Overfull \hbox (6.0pt too wide) in paragraph at lines 1202--1203
[][][][][][][]
 []


Underfull \hbox (badness 10000) in paragraph at lines 1202--1203

 []

[15]
Overfull \hbox (35.3747pt too wide) in paragraph at lines 1217--1218
[][][][][][][]
 []


Underfull \hbox (badness 10000) in paragraph at lines 1217--1218

 []


Overfull \hbox (35.3747pt too wide) in paragraph at lines 1226--1227
[][][][][][][]
 []


Underfull \hbox (badness 10000) in paragraph at lines 1226--1227

 []


Overfull \hbox (35.3747pt too wide) in paragraph at lines 1237--1238
[][][][][][][]
 []


Underfull \hbox (badness 10000) in paragraph at lines 1237--1238

 []


Overfull \hbox (35.3747pt too wide) in paragraph at lines 1254--1255
[][][][][][][]
 []


Underfull \hbox (badness 10000) in paragraph at lines 1254--1255

 []

[16] (./grim.aux)

LaTeX Font Warning: Some font shapes were not available, defaults substituted.


LaTeX Warning: There were multiply-defined labels.

 ) 
Here is how much of TeX's memory you used:
 3858 strings out of 492982
 53700 string characters out of 6134897
 109464 words of memory out of 5000000
 7238 multiletter control sequences out of 15000+600000
 51371 words of font info for 127 fonts, out of 8000000 for 9000
 1141 hyphenation exceptions out of 8191
 41i,8n,25p,293b,411s stack positions out of 5000i,500n,10000p,200000b,80000s
{/usr/share/texmf/fonts/enc/dvips/cm-super/cm-super-ts1.enc}</usr/share/texli
ve/texmf-dist/fonts/type1/public/amsfonts/cm/cmbx12.pfb></usr/share/texlive/tex
mf-dist/fonts/type1/public/amsfonts/cm/cmex10.pfb></usr/share/texlive/texmf-dis
t/fonts/type1/public/amsfonts/cm/cmitt10.pfb></usr/share/texlive/texmf-dist/fon
ts/type1/public/amsfonts/cm/cmmi12.pfb></usr/share/texlive/texmf-dist/fonts/typ
e1/public/amsfonts/cm/cmmi8.pfb></usr/share/texlive/texmf-dist/fonts/type1/publ
ic/amsfonts/cm/cmr10.pfb></usr/share/texlive/texmf-dist/fonts/type1/public/amsf
onts/cm/cmr12.pfb></usr/share/texlive/texmf-dist/fonts/type1/public/amsfonts/cm
/cmr17.pfb></usr/share/texlive/texmf-dist/fonts/type1/public/amsfonts/cm/cmr7.p
fb></usr/share/texlive/texmf-dist/fonts/type1/public/amsfonts/cm/cmr8.pfb></usr
/share/texlive/texmf-dist/fonts/type1/public/amsfonts/cm/cmsltt10.pfb></usr/sha
re/texlive/texmf-dist/fonts/type1/public/amsfonts/cm/cmsy10.pfb></usr/share/tex
live/texmf-dist/fonts/type1/public/amsfonts/cm/cmsy8.pfb></usr/share/texlive/te
xmf-dist/fonts/type1/public/amsfonts/cm/cmti12.pfb></usr/share/texlive/texmf-di
st/fonts/type1/public/amsfonts/cm/cmtt10.pfb></usr/share/texlive/texmf-dist/fon
ts/type1/public/amsfonts/cm/cmtt12.pfb></usr/share/texmf/fonts/type1/public/cm-
super/sfrm1200.pfb></usr/share/texmf/fonts/type1/public/cm-super/sfst1095.pfb><
/usr/share/texmf/fonts/type1/public/cm-super/sftt1095.pfb>
Output written on grim.pdf (16 pages, 274033 bytes).
PDF statistics:
 171 PDF objects out of 1000 (max. 8388607)
 119 compressed objects within 2 object streams
 0 named destinations out of 1000 (max. 500000)
 35 words of extra memory for PDF output out of 10000 (max. 10000000)

